{"name": "test_add[10-10-21]", "status": "failed", "statusDetails": {"message": "AssertionError: assert 21 == 20\n +  where 20 = add(10, 10)", "trace": "self = <scripts.test_add_2.TestAdd object at 0x000001E20B754320>, a = 10, b = 10, expect = 21\n\n    @pytest.mark.parametrize('a, b, expect', data_list)\n    def test_add(self, a, b, expect):\n        # 判断预期结果和实际结果是否相等\n        print(f'{a}, {b}, {expect} 用例通过')\n>       assert expect == add(a, b)\nE       assert 21 == 20\nE        +  where 20 = add(10, 10)\n\nscripts\\test_add_2.py:18: AssertionError"}, "parameters": [{"name": "a", "value": "10"}, {"name": "b", "value": "10"}, {"name": "expect", "value": "21"}], "start": 1747049122726, "stop": 1747049122726, "uuid": "9dab8bfb-18c8-48b4-b93f-b58cadc9959a", "historyId": "2b846f2ea86b708ce0ce2a3226a62674", "testCaseId": "80470da0a720f58968ebb24fbcd5bbf8", "fullName": "scripts.test_add_2.TestAdd#test_add", "labels": [{"name": "parentSuite", "value": "scripts"}, {"name": "suite", "value": "test_add_2"}, {"name": "subSuite", "value": "TestAdd"}, {"name": "host", "value": "DESKTOP-4NDO5KD"}, {"name": "thread", "value": "28812-MainThread"}, {"name": "framework", "value": "pytest"}, {"name": "language", "value": "cpython3"}, {"name": "package", "value": "scripts.test_add_2"}]}